<?xml version="1.0" encoding="UTF-8"?>
<!-- Generated by org.testng.reporters.JUnitReportReporter -->
<testsuite hostname="ESRATARAKCI" failures="0" tests="1" name="TC003_GET_Request" time="1.406" errors="0" timestamp="10 Feb 2021 21:56:21 GMT" skipped="0">
  <testcase classname="TC003_GET_Request" name="googleMapTest" time="1.406"/>
</testsuite> <!-- TC003_GET_Request -->
