<?xml version="1.0" encoding="UTF-8"?>
<!-- Generated by org.testng.reporters.JUnitReportReporter -->
<testsuite hostname="ESRATARAKCI" failures="0" tests="1" name="GET_Request_PrintAllHeaders" time="1.655" errors="0" timestamp="11 Feb 2021 09:11:38 GMT" skipped="0">
  <testcase classname="GET_Request_PrintAllHeaders" name="GetWeatherDetails" time="1.655"/>
</testsuite> <!-- GET_Request_PrintAllHeaders -->
