<?xml version="1.0" encoding="UTF-8"?>
<!-- Generated by org.testng.reporters.JUnitReportReporter -->
<testsuite hostname="ESRATARAKCI" failures="0" tests="1" name="TC004_GET_Request_PrintAllHeaders" time="1.941" errors="0" timestamp="12 Feb 2021 07:55:05 GMT" skipped="0">
  <testcase classname="TC004_GET_Request_PrintAllHeaders" name="GetWeatherDetails" time="1.941"/>
</testsuite> <!-- TC004_GET_Request_PrintAllHeaders -->
