<?xml version="1.0" encoding="UTF-8"?>
<!-- Generated by org.testng.reporters.JUnitReportReporter -->
<testsuite hostname="ESRATARAKCI" failures="0" tests="5" name="datadriventesting.DataDrivenTest_AddNewEmployess" time="5.363" errors="0" timestamp="14 Feb 2021 19:56:36 GMT" skipped="0">
  <testcase classname="datadriventesting.DataDrivenTest_AddNewEmployess" name="postNewEmployees" time="1.894"/>
  <testcase classname="datadriventesting.DataDrivenTest_AddNewEmployess" name="postNewEmployees" time="0.870"/>
  <testcase classname="datadriventesting.DataDrivenTest_AddNewEmployess" name="postNewEmployees" time="0.878"/>
  <testcase classname="datadriventesting.DataDrivenTest_AddNewEmployess" name="postNewEmployees" time="0.879"/>
  <testcase classname="datadriventesting.DataDrivenTest_AddNewEmployess" name="postNewEmployees" time="0.842"/>
</testsuite> <!-- datadriventesting.DataDrivenTest_AddNewEmployess -->
